<?xml version="1.0" encoding="UTF-8"?>
<testng-results ignored="0" total="1" passed="1" failed="0" skipped="0">
  <reporter-output>
  </reporter-output>
  <suite started-at="2024-04-03T16:35:27 IST" name="Default suite" finished-at="2024-04-03T16:35:59 IST" duration-ms="31615">
    <groups>
    </groups>
    <test started-at="2024-04-03T16:35:27 IST" name="Default test" finished-at="2024-04-03T16:35:59 IST" duration-ms="31615">
      <class name="org.automationmobile.APPIUMPROJECT.Menu">
        <test-method is-config="true" signature="Cap()[pri:0, instance:org.automationmobile.APPIUMPROJECT.Menu@1b1cfb87]" started-at="2024-04-03T16:35:27 IST" name="Cap" finished-at="2024-04-03T16:35:43 IST" duration-ms="16162" status="PASS">
          <reporter-output>
          </reporter-output>
        </test-method> <!-- Cap -->
        <test-method signature="main()[pri:0, instance:org.automationmobile.APPIUMPROJECT.Menu@1b1cfb87]" started-at="2024-04-03T16:35:43 IST" name="main" finished-at="2024-04-03T16:35:59 IST" duration-ms="15383" status="PASS">
          <reporter-output>
          </reporter-output>
        </test-method> <!-- main -->
      </class> <!-- org.automationmobile.APPIUMPROJECT.Menu -->
    </test> <!-- Default test -->
  </suite> <!-- Default suite -->
</testng-results>
